# project ns (3.23) configured on Sat Oct 24 14:21:38 2015 by
# waf 1.7.16 (abi 98, python 2070af0 on darwin)
# using ./waf configure
#
----------------------------------------
Setting top to
/Users/uceeoas/Codes/temp/ns-3-inrpp
----------------------------------------
Setting out to
/Users/uceeoas/Codes/temp/ns-3-inrpp/build
----------------------------------------
Checking for 'gcc' (c compiler)
find program=['gcc', 'cc'] paths=['/opt/local/bin', '/opt/local/sbin', '/opt/local/bin', '/opt/local/sbin', '/opt/local/bin', '/opt/local/sbin', '/usr/local/bin', '/usr/bin', '/bin', '/usr/sbin', '/sbin'] var='CC' -> '/opt/local/bin/gcc'
find program=['ar'] paths=['/opt/local/bin', '/opt/local/sbin', '/opt/local/bin', '/opt/local/sbin', '/opt/local/bin', '/opt/local/sbin', '/usr/local/bin', '/usr/bin', '/bin', '/usr/sbin', '/sbin'] var='AR' -> '/opt/local/bin/ar'
/opt/local/bin/gcc
----------------------------------------
Checking for cc version
4.7.4
----------------------------------------
Checking for 'g++' (c++ compiler)
find program=['g++', 'c++'] paths=['/opt/local/bin', '/opt/local/sbin', '/opt/local/bin', '/opt/local/sbin', '/opt/local/bin', '/opt/local/sbin', '/usr/local/bin', '/usr/bin', '/bin', '/usr/sbin', '/sbin'] var='CXX' -> '/opt/local/bin/g++'
(tool ar is already loaded, skipping)
/opt/local/bin/g++
----------------------------------------
Checking for program python
/usr/bin/python
find program=['python'] paths=['/opt/local/bin', '/opt/local/sbin', '/opt/local/bin', '/opt/local/sbin', '/opt/local/bin', '/opt/local/sbin', '/usr/local/bin', '/usr/bin', '/bin', '/usr/sbin', '/sbin'] var='PYTHON' -> '/usr/bin/python'
['/usr/bin/python', '-c', 'import sys\nfor x in sys.version_info: print(str(x))']
out: 2
7
10
final
0

['/usr/bin/python', '-c', "from distutils.sysconfig import get_config_var, get_python_lib\n\nprint(repr(get_python_lib(standard_lib=0, prefix='/usr/local') or ''))"]
out: '/usr/local/lib/python2.7/site-packages'

'/usr/local/lib/python2.7/site-packages'

['/usr/bin/python', '-c', "from distutils.sysconfig import get_config_var, get_python_lib\n\nprint(repr(get_python_lib(plat_specific=1, standard_lib=0, prefix='/usr/local') or ''))"]
out: '/usr/local/lib/python2.7/site-packages'

'/usr/local/lib/python2.7/site-packages'

----------------------------------------
Checking for python version
(2, 7, 10, 'final', 0)
['/usr/bin/python', '-c', "from distutils.sysconfig import get_config_var, get_python_lib\n\nprint(repr(get_config_var('prefix') or ''))\nprint(repr(get_config_var('SO') or ''))\nprint(repr(get_config_var('LDFLAGS') or ''))\nprint(repr(get_config_var('LIBDIR') or ''))\nprint(repr(get_config_var('LIBPL') or ''))\nprint(repr(get_config_var('INCLUDEPY') or ''))\nprint(repr(get_config_var('Py_ENABLE_SHARED') or ''))\nprint(repr(get_config_var('MACOSX_DEPLOYMENT_TARGET') or ''))\nprint(repr(get_config_var('LDSHARED') or ''))\nprint(repr(get_config_var('CFLAGS') or ''))\nprint(repr(get_config_var('LDVERSION') or ''))"]
out: '/System/Library/Frameworks/Python.framework/Versions/2.7'
'.so'
'-arch x86_64 -arch i386            -Wl,-F.'
'/System/Library/Frameworks/Python.framework/Versions/2.7/lib'
'/System/Library/Frameworks/Python.framework/Versions/2.7/lib/python2.7/config'
'/System/Library/Frameworks/Python.framework/Versions/2.7/include/python2.7'
''
'10.10'
'cc -bundle -undefined dynamic_lookup -arch x86_64 -arch i386            -Wl,-F.'
'-fno-strict-aliasing -fno-common -dynamic -arch x86_64 -arch i386 -g -Os -pipe -fno-common -fno-strict-aliasing -fwrapv -DENABLE_DTRACE -DMACOSX -DNDEBUG -Wall -Wstrict-prototypes -Wshorten-64-to-32 -DNDEBUG -g -fwrapv -Os -Wall -Wstrict-prototypes -DENABLE_DTRACE'
''

'/System/Library/Frameworks/Python.framework/Versions/2.7'
'.so'
'-arch x86_64 -arch i386            -Wl,-F.'
'/System/Library/Frameworks/Python.framework/Versions/2.7/lib'
'/System/Library/Frameworks/Python.framework/Versions/2.7/lib/python2.7/config'
'/System/Library/Frameworks/Python.framework/Versions/2.7/include/python2.7'
''
'10.10'
'cc -bundle -undefined dynamic_lookup -arch x86_64 -arch i386            -Wl,-F.'
'-fno-strict-aliasing -fno-common -dynamic -arch x86_64 -arch i386 -g -Os -pipe -fno-common -fno-strict-aliasing -fwrapv -DENABLE_DTRACE -DMACOSX -DNDEBUG -Wall -Wstrict-prototypes -Wshorten-64-to-32 -DNDEBUG -g -fwrapv -Os -Wall -Wstrict-prototypes -DENABLE_DTRACE'
''

Configuration returned from ['/usr/bin/python']:
"prefix = '/System/Library/Frameworks/Python.framework/Versions/2.7'\nSO = '.so'\nLDFLAGS = '-arch x86_64 -arch i386            -Wl,-F.'\nLIBDIR = '/System/Library/Frameworks/Python.framework/Versions/2.7/lib'\nLIBPL = '/System/Library/Frameworks/Python.framework/Versions/2.7/lib/python2.7/config'\nINCLUDEPY = '/System/Library/Frameworks/Python.framework/Versions/2.7/include/python2.7'\nPy_ENABLE_SHARED = ''\nMACOSX_DEPLOYMENT_TARGET = '10.10'\nLDSHARED = 'cc -bundle -undefined dynamic_lookup -arch x86_64 -arch i386            -Wl,-F.'\nCFLAGS = '-fno-strict-aliasing -fno-common -dynamic -arch x86_64 -arch i386 -g -Os -pipe -fno-common -fno-strict-aliasing -fwrapv -DENABLE_DTRACE -DMACOSX -DNDEBUG -Wall -Wstrict-prototypes -Wshorten-64-to-32 -DNDEBUG -g -fwrapv -Os -Wall -Wstrict-prototypes -DENABLE_DTRACE'\nLDVERSION = ''"



# try again with -L$python_LIBDIR: ['/System/Library/Frameworks/Python.framework/Versions/2.7/lib']

----------------------------------------
Checking for library python2.7 in LIBDIR
==>

int main(int argc, char **argv) {
	(void)argc; (void)argv;
	return 0;
}

<==
[1/2] [32mcxx: build/.conf_check_05738d3e0a613d90d68203cf1221bbed/test.cpp -> build/.conf_check_05738d3e0a613d90d68203cf1221bbed/testbuild/test.cpp.1.o
[0m
['/opt/local/bin/g++', '-O0', '-ggdb', '-g3', '-Wall', '-Werror', '-arch', 'x86_64', '-arch', 'i386', '-fno-strict-aliasing', '-fno-common', '-dynamic', '-arch', 'x86_64', '-arch', 'i386', '-fno-common', '-fno-strict-aliasing', '-fwrapv', '-fwrapv', '-DNS3_ASSERT_ENABLE', '-DNS3_LOG_ENABLE', '-DPYTHONDIR="/usr/local/lib/python2.7/site-packages"', '-DPYTHONARCHDIR="/usr/local/lib/python2.7/site-packages"', '-DENABLE_DTRACE', '-DMACOSX', '-DNDEBUG', '-DNDEBUG', '-DENABLE_DTRACE', '../test.cpp', '-c', '-o', 'test.cpp.1.o']
[2/2] [33mcxxprogram: build/.conf_check_05738d3e0a613d90d68203cf1221bbed/testbuild/test.cpp.1.o -> build/.conf_check_05738d3e0a613d90d68203cf1221bbed/testbuild/testprog
[0m
['/opt/local/bin/g++', '-L/opt/local/lib', '-L/opt/local/lib', '-arch', 'x86_64', '-arch', 'i386', '-Wl,-F.', '-arch', 'x86_64', '-arch', 'i386', 'test.cpp.1.o', '-o', '/Users/uceeoas/Codes/temp/ns-3-inrpp/build/.conf_check_05738d3e0a613d90d68203cf1221bbed/testbuild/testprog', '-L/System/Library/Frameworks/Python.framework/Versions/2.7/lib', '-lpython2.7']
err: ld: warning: ignoring file /opt/local/lib/libpython2.7.dylib, file was built for x86_64 which is not the architecture being linked (i386): /opt/local/lib/libpython2.7.dylib
ld: warning: ignoring file /opt/local/lib/gcc47/libstdc++.dylib, file was built for x86_64 which is not the architecture being linked (i386): /opt/local/lib/gcc47/libstdc++.dylib
ld: warning: ignoring file /opt/local/lib/gcc47/libgcc_ext.10.5.dylib, missing required architecture i386 in file /opt/local/lib/gcc47/libgcc_ext.10.5.dylib (1 slices)
ld: warning: ignoring file /opt/local/lib/gcc47/gcc/x86_64-apple-darwin14/4.7.4/libgcc.a, file was built for archive which is not the architecture being linked (i386): /opt/local/lib/gcc47/gcc/x86_64-apple-darwin14/4.7.4/libgcc.a

yes
------------------------------------------------------------------------------------------------
Checking for program /usr/bin/python-config,python2.7-config,python-config-2.7,python2.7m-config
/usr/bin/python-config
find program=['/usr/bin/python-config', 'python2.7-config', 'python-config-2.7', 'python2.7m-config'] paths=['/opt/local/bin', '/opt/local/sbin', '/opt/local/bin', '/opt/local/sbin', '/opt/local/bin', '/opt/local/sbin', '/usr/local/bin', '/usr/bin', '/bin', '/usr/sbin', '/sbin'] var='PYTHON_CONFIG' -> '/usr/bin/python-config'
['/usr/bin/python-config', '--includes']
out: -I/System/Library/Frameworks/Python.framework/Versions/2.7/include/python2.7 -I/System/Library/Frameworks/Python.framework/Versions/2.7/include/python2.7

Include path for Python extensions (found via python-config --includes): ['/System/Library/Frameworks/Python.framework/Versions/2.7/include/python2.7']

------------------------------------------------------------------------------------------------
Checking for header Python.h
==>

#include <Python.h>
#ifdef __cplusplus
extern "C" {
#endif
	void Py_Initialize(void);
	void Py_Finalize(void);
#ifdef __cplusplus
}
#endif
int main(int argc, char **argv)
{
   (void)argc; (void)argv;
   Py_Initialize();
   Py_Finalize();
   return 0;
}

<==
[1/2] [32mcxx: build/.conf_check_1f933b02106127ce3a9f4633a0e368e7/test.cpp -> build/.conf_check_1f933b02106127ce3a9f4633a0e368e7/testbuild/test.cpp.1.o
[0m
['/opt/local/bin/g++', '-O0', '-ggdb', '-g3', '-Wall', '-Werror', '-arch', 'x86_64', '-arch', 'i386', '-fno-strict-aliasing', '-fno-common', '-dynamic', '-arch', 'x86_64', '-arch', 'i386', '-fno-common', '-fno-strict-aliasing', '-fwrapv', '-fwrapv', '-fno-strict-aliasing', '-I/System/Library/Frameworks/Python.framework/Versions/2.7/include/python2.7', '-DNS3_ASSERT_ENABLE', '-DNS3_LOG_ENABLE', '-DPYTHONDIR="/usr/local/lib/python2.7/site-packages"', '-DPYTHONARCHDIR="/usr/local/lib/python2.7/site-packages"', '-DENABLE_DTRACE', '-DMACOSX', '-DNDEBUG', '-DNDEBUG', '-DENABLE_DTRACE', '../test.cpp', '-c', '-o', 'test.cpp.1.o']
[2/2] [33mcxxprogram: build/.conf_check_1f933b02106127ce3a9f4633a0e368e7/testbuild/test.cpp.1.o -> build/.conf_check_1f933b02106127ce3a9f4633a0e368e7/testbuild/testprog
[0m
['/opt/local/bin/g++', '-L/opt/local/lib', '-L/opt/local/lib', '-arch', 'x86_64', '-arch', 'i386', '-Wl,-F.', '-arch', 'x86_64', '-arch', 'i386', 'test.cpp.1.o', '-o', '/Users/uceeoas/Codes/temp/ns-3-inrpp/build/.conf_check_1f933b02106127ce3a9f4633a0e368e7/testbuild/testprog', '-L/System/Library/Frameworks/Python.framework/Versions/2.7/lib', '-lpython2.7']
err: ld: warning: ignoring file /opt/local/lib/libpython2.7.dylib, file was built for x86_64 which is not the architecture being linked (i386): /opt/local/lib/libpython2.7.dylib
ld: warning: ignoring file /opt/local/lib/gcc47/libstdc++.dylib, file was built for x86_64 which is not the architecture being linked (i386): /opt/local/lib/gcc47/libstdc++.dylib
ld: warning: ignoring file /opt/local/lib/gcc47/libgcc_ext.10.5.dylib, missing required architecture i386 in file /opt/local/lib/gcc47/libgcc_ext.10.5.dylib (1 slices)
ld: warning: ignoring file /opt/local/lib/gcc47/gcc/x86_64-apple-darwin14/4.7.4/libgcc.a, file was built for archive which is not the architecture being linked (i386): /opt/local/lib/gcc47/gcc/x86_64-apple-darwin14/4.7.4/libgcc.a
Undefined symbols for architecture i386:
  "_Py_Finalize", referenced from:
      _main in test.cpp.1.o
  "_Py_Initialize", referenced from:
      _main in test.cpp.1.o
ld: symbol(s) not found for architecture i386
collect2: error: ld returned 1 exit status

from /Users/uceeoas/Codes/temp/ns-3-inrpp/bindings/python: Test does not build: Traceback (most recent call last):
  File "/Users/uceeoas/Codes/temp/ns-3-inrpp/.waf-1.7.16-9ca17eb492c97b689870b4ff9db75880/waflib/Tools/c_config.py", line 460, in run_c_code
    bld.compile()
  File "/Users/uceeoas/Codes/temp/ns-3-inrpp/.waf-1.7.16-9ca17eb492c97b689870b4ff9db75880/waflib/Build.py", line 188, in compile
    raise Errors.BuildError(self.producer.error)
BuildError: Build failed
 -> task in 'testprog' failed (exit status 1): 
	{task 4508370832: cxxprogram test.cpp.1.o -> testprog}
['/opt/local/bin/g++', '-L/opt/local/lib', '-L/opt/local/lib', '-arch', 'x86_64', '-arch', 'i386', '-Wl,-F.', '-arch', 'x86_64', '-arch', 'i386', 'test.cpp.1.o', '-o', '/Users/uceeoas/Codes/temp/ns-3-inrpp/build/.conf_check_1f933b02106127ce3a9f4633a0e368e7/testbuild/testprog', '-L/System/Library/Frameworks/Python.framework/Versions/2.7/lib', '-lpython2.7']

:-(
from /Users/uceeoas/Codes/temp/ns-3-inrpp/bindings/python: The configuration failed
------------------------------------------------------------------------------------------------
Asking python-config for pyembed --cflags flags
['/usr/bin/python-config', '--cflags']
out: -I/System/Library/Frameworks/Python.framework/Versions/2.7/include/python2.7 -I/System/Library/Frameworks/Python.framework/Versions/2.7/include/python2.7 -fno-strict-aliasing -fno-common -dynamic -arch x86_64 -arch i386 -g -Os -pipe -fno-common -fno-strict-aliasing -fwrapv -DENABLE_DTRACE -DMACOSX -DNDEBUG -Wall -Wstrict-prototypes -Wshorten-64-to-32 -DNDEBUG -g -fwrapv -Os -Wall -Wstrict-prototypes -DENABLE_DTRACE

yes
------------------------------------------------------------------------------------------------
Asking python-config for pyembed --libs flags
['/usr/bin/python-config', '--libs']
out: -lpython2.7 -ldl -framework CoreFoundation

yes
------------------------------------------------------------------------------------------------
Asking python-config for pyembed --ldflags flags
['/usr/bin/python-config', '--ldflags']
out: -L/System/Library/Frameworks/Python.framework/Versions/2.7/lib/python2.7/config -lpython2.7 -ldl -framework CoreFoundation

yes
------------------------------------------------------------------------------------------------
Getting pyembed flags from python-config
==>

#include <Python.h>
#ifdef __cplusplus
extern "C" {
#endif
	void Py_Initialize(void);
	void Py_Finalize(void);
#ifdef __cplusplus
}
#endif
int main(int argc, char **argv)
{
   (void)argc; (void)argv;
   Py_Initialize();
   Py_Finalize();
   return 0;
}

<==
[1/2] [32mcxx: build/.conf_check_9f22aca0d871aa3f9124d6da6fc5dbf1/test.cpp -> build/.conf_check_9f22aca0d871aa3f9124d6da6fc5dbf1/testbuild/test.cpp.1.o
[0m
['/opt/local/bin/g++', '-O0', '-ggdb', '-g3', '-Wall', '-Werror', '-arch', 'x86_64', '-arch', 'i386', '-fno-strict-aliasing', '-fno-common', '-dynamic', '-arch', 'x86_64', '-arch', 'i386', '-fno-common', '-fno-strict-aliasing', '-fwrapv', '-fwrapv', '-fno-strict-aliasing', '-fno-strict-aliasing', '-fno-common', '-dynamic', '-arch', 'x86_64', '-arch', 'i386', '-fno-common', '-fno-strict-aliasing', '-fwrapv', '-fwrapv', '-I/System/Library/Frameworks/Python.framework/Versions/2.7/include/python2.7', '-DNS3_ASSERT_ENABLE', '-DNS3_LOG_ENABLE', '-DPYTHONDIR="/usr/local/lib/python2.7/site-packages"', '-DPYTHONARCHDIR="/usr/local/lib/python2.7/site-packages"', '-DHAVE_PYEMBED=1', '-DENABLE_DTRACE', '-DMACOSX', '-DNDEBUG', '-DNDEBUG', '-DENABLE_DTRACE', '-DENABLE_DTRACE', '-DMACOSX', '-DNDEBUG', '-DNDEBUG', '-DENABLE_DTRACE', '../test.cpp', '-c', '-o', 'test.cpp.1.o']
[2/2] [33mcxxprogram: build/.conf_check_9f22aca0d871aa3f9124d6da6fc5dbf1/testbuild/test.cpp.1.o -> build/.conf_check_9f22aca0d871aa3f9124d6da6fc5dbf1/testbuild/testprog
[0m
['/opt/local/bin/g++', '-L/opt/local/lib', '-L/opt/local/lib', '-arch', 'x86_64', '-arch', 'i386', '-Wl,-F.', '-arch', 'x86_64', '-arch', 'i386', '-arch', 'x86_64', '-arch', 'i386', 'test.cpp.1.o', '-o', '/Users/uceeoas/Codes/temp/ns-3-inrpp/build/.conf_check_9f22aca0d871aa3f9124d6da6fc5dbf1/testbuild/testprog', '-framework', 'CoreFoundation', '-L/System/Library/Frameworks/Python.framework/Versions/2.7/lib', '-L/System/Library/Frameworks/Python.framework/Versions/2.7/lib/python2.7/config', '-lpython2.7', '-ldl']
err: ld: warning: ignoring file /opt/local/lib/libpython2.7.dylib, file was built for x86_64 which is not the architecture being linked (i386): /opt/local/lib/libpython2.7.dylib
ld: warning: ignoring file /opt/local/lib/gcc47/libstdc++.dylib, file was built for x86_64 which is not the architecture being linked (i386): /opt/local/lib/gcc47/libstdc++.dylib
ld: warning: ignoring file /opt/local/lib/gcc47/libgcc_ext.10.5.dylib, missing required architecture i386 in file /opt/local/lib/gcc47/libgcc_ext.10.5.dylib (1 slices)
ld: warning: ignoring file /opt/local/lib/gcc47/gcc/x86_64-apple-darwin14/4.7.4/libgcc.a, file was built for archive which is not the architecture being linked (i386): /opt/local/lib/gcc47/gcc/x86_64-apple-darwin14/4.7.4/libgcc.a
Undefined symbols for architecture i386:
  "_Py_Finalize", referenced from:
      _main in test.cpp.1.o
  "_Py_Initialize", referenced from:
      _main in test.cpp.1.o
ld: symbol(s) not found for architecture i386
collect2: error: ld returned 1 exit status

from /Users/uceeoas/Codes/temp/ns-3-inrpp/bindings/python: Test does not build: Traceback (most recent call last):
  File "/Users/uceeoas/Codes/temp/ns-3-inrpp/.waf-1.7.16-9ca17eb492c97b689870b4ff9db75880/waflib/Tools/c_config.py", line 460, in run_c_code
    bld.compile()
  File "/Users/uceeoas/Codes/temp/ns-3-inrpp/.waf-1.7.16-9ca17eb492c97b689870b4ff9db75880/waflib/Build.py", line 188, in compile
    raise Errors.BuildError(self.producer.error)
BuildError: Build failed
 -> task in 'testprog' failed (exit status 1): 
	{task 4509606160: cxxprogram test.cpp.1.o -> testprog}
['/opt/local/bin/g++', '-L/opt/local/lib', '-L/opt/local/lib', '-arch', 'x86_64', '-arch', 'i386', '-Wl,-F.', '-arch', 'x86_64', '-arch', 'i386', '-arch', 'x86_64', '-arch', 'i386', 'test.cpp.1.o', '-o', '/Users/uceeoas/Codes/temp/ns-3-inrpp/build/.conf_check_9f22aca0d871aa3f9124d6da6fc5dbf1/testbuild/testprog', '-framework', 'CoreFoundation', '-L/System/Library/Frameworks/Python.framework/Versions/2.7/lib', '-L/System/Library/Frameworks/Python.framework/Versions/2.7/lib/python2.7/config', '-lpython2.7', '-ldl']

Could not build a python embedded interpreter
from /Users/uceeoas/Codes/temp/ns-3-inrpp/bindings/python: The configuration failed
------------------------------------------------------------------------------------------------
Checking boost includes
1_59
------------------------------------------------------------------------------------------------
Checking boost libs
Found the boost path in /opt/local/lib with the libraries:
    /opt/local/lib/libboost_atomic-mt.dylib
    /opt/local/lib/libboost_chrono-mt.a
    /opt/local/lib/libboost_chrono-mt.dylib
    /opt/local/lib/libboost_container-mt.dylib
    /opt/local/lib/libboost_context-mt.dylib
    /opt/local/lib/libboost_coroutine-mt.dylib
    /opt/local/lib/libboost_date_time-mt.dylib
    /opt/local/lib/libboost_exception-mt.a
    /opt/local/lib/libboost_filesystem-mt.dylib
    /opt/local/lib/libboost_graph-mt.dylib
    /opt/local/lib/libboost_iostreams-mt.dylib
    /opt/local/lib/libboost_locale-mt.dylib
    /opt/local/lib/libboost_log-mt.dylib
    /opt/local/lib/libboost_log_setup-mt.dylib
    /opt/local/lib/libboost_math_c99-mt.dylib
    /opt/local/lib/libboost_math_c99f-mt.dylib
    /opt/local/lib/libboost_math_c99l-mt.dylib
    /opt/local/lib/libboost_math_tr1-mt.dylib
    /opt/local/lib/libboost_math_tr1f-mt.dylib
    /opt/local/lib/libboost_math_tr1l-mt.dylib
    /opt/local/lib/libboost_prg_exec_monitor-mt.dylib
    /opt/local/lib/libboost_program_options-mt.dylib
    /opt/local/lib/libboost_python-mt.dylib
    /opt/local/lib/libboost_random-mt.dylib
    /opt/local/lib/libboost_regex-mt.dylib
    /opt/local/lib/libboost_serialization-mt.dylib
    /opt/local/lib/libboost_signals-mt.dylib
    /opt/local/lib/libboost_system-mt.a
    /opt/local/lib/libboost_system-mt.dylib
    /opt/local/lib/libboost_test_exec_monitor-mt.a
    /opt/local/lib/libboost_thread-mt.dylib
    /opt/local/lib/libboost_timer-mt.a
    /opt/local/lib/libboost_timer-mt.dylib
    /opt/local/lib/libboost_unit_test_framework-mt.dylib
    /opt/local/lib/libboost_wave-mt.dylib
    /opt/local/lib/libboost_wserialization-mt.dylib
Trying pattern boost_system(-xgcc[0-9]{0,3})+(-1_59)+
Trying pattern boost_system(-1_59)+
Trying pattern boost_system(-1_59)+
Trying pattern boost_system(-xgcc[0-9]{0,3})+
Trying pattern boost_system
Found boost lib libboost_system-mt.a
Trying pattern boost_signals(-xgcc[0-9]{0,3})+(-1_59)+
Trying pattern boost_signals(-1_59)+
Trying pattern boost_signals(-1_59)+
Trying pattern boost_signals(-xgcc[0-9]{0,3})+
Trying pattern boost_signals
Found boost lib libboost_signals-mt.dylib
Trying pattern boost_filesystem(-xgcc[0-9]{0,3})+(-1_59)+
Trying pattern boost_filesystem(-1_59)+
Trying pattern boost_filesystem(-1_59)+
Trying pattern boost_filesystem(-xgcc[0-9]{0,3})+
Trying pattern boost_filesystem
Found boost lib libboost_filesystem-mt.dylib
ok
------------------------------------------------------------------------------------------------
Checking for boost linkage
==>

#include <boost/system/error_code.hpp>
int main() { boost::system::error_code c; }

<==
[1/2] [32mcxx: build/.conf_check_0e263e90c2449d9643fa57931cb06d6d/test.cpp -> build/.conf_check_0e263e90c2449d9643fa57931cb06d6d/testbuild/test.cpp.1.o
[0m
['/opt/local/bin/g++', '-O0', '-ggdb', '-g3', '-Wall', '-Werror', '-I/opt/local/include', '-DNS3_ASSERT_ENABLE', '-DNS3_LOG_ENABLE', '-DPYTHONDIR="/usr/local/lib/python2.7/site-packages"', '-DPYTHONARCHDIR="/usr/local/lib/python2.7/site-packages"', '-DHAVE_PYEMBED=1', '../test.cpp', '-c', '-o', 'test.cpp.1.o']
[2/2] [33mcxxprogram: build/.conf_check_0e263e90c2449d9643fa57931cb06d6d/testbuild/test.cpp.1.o -> build/.conf_check_0e263e90c2449d9643fa57931cb06d6d/testbuild/testprog
[0m
['/opt/local/bin/g++', '-L/opt/local/lib', '-L/opt/local/lib', 'test.cpp.1.o', '-o', '/Users/uceeoas/Codes/temp/ns-3-inrpp/build/.conf_check_0e263e90c2449d9643fa57931cb06d6d/testbuild/testprog', '-L/opt/local/lib', '-lboost_system-mt', '-lboost_signals-mt', '-lboost_filesystem-mt']
ok
------------------------------------------------------------------------------------------------
Checking for click location
not found
------------------------------------------------------------------------------------------------
Checking for program pkg-config
/opt/local/bin/pkg-config
find program=['pkg-config'] paths=['/opt/local/bin', '/opt/local/sbin', '/opt/local/bin', '/opt/local/sbin', '/opt/local/bin', '/opt/local/sbin', '/usr/local/bin', '/usr/bin', '/bin', '/usr/sbin', '/sbin'] var='PKGCONFIG' -> '/opt/local/bin/pkg-config'
------------------------------------------------------------------------------------------------
Checking for 'gtk+-2.0' >= 2.12
['/opt/local/bin/pkg-config', '--atleast-version=2.12', 'gtk+-2.0']
['/opt/local/bin/pkg-config', '--cflags', '--libs', 'gtk+-2.0']
out: -D_REENTRANT -I/opt/local/include/gtk-2.0 -I/opt/local/lib/gtk-2.0/include -I/opt/local/include/pango-1.0 -I/opt/local/include/gio-unix-2.0/ -I/opt/local/include -I/opt/local/include/cairo -I/opt/local/include/atk-1.0 -I/opt/local/include/cairo -I/opt/local/include/pixman-1 -I/opt/local/include/libpng16 -I/opt/local/include -I/opt/local/include/gdk-pixbuf-2.0 -I/opt/local/include/libpng16 -I/opt/local/include/pango-1.0 -I/opt/local/include/harfbuzz -I/opt/local/include -I/opt/local/include/pango-1.0 -I/opt/local/include/glib-2.0 -I/opt/local/lib/glib-2.0/include -I/opt/local/include -I/opt/local/include/freetype2 -I/opt/local/include -I/opt/local/include/libpng16 -I/opt/local/include -I/opt/local/include/freetype2 -L/opt/local/lib -lgtk-x11-2.0 -lgdk-x11-2.0 -lpangocairo-1.0 -lgio-2.0 -lXrender -lXinerama -lXi -lXrandr -lXcursor -lXcomposite -lXdamage -lXfixes -lX11 -lXext -latk-1.0 -lcairo -lgdk_pixbuf-2.0 -lgio-2.0 -lpangoft2-1.0 -lpango-1.0 -lgobject-2.0 -lglib-2.0 -lintl -lfontconfig -lfreetype 

yes
------------------------------------------------------------------------------------------------
Checking for 'libxml-2.0' >= 2.7
['/opt/local/bin/pkg-config', '--atleast-version=2.7', 'libxml-2.0']
['/opt/local/bin/pkg-config', '--cflags', '--libs', 'libxml-2.0']
out: -I/opt/local/include/libxml2 -L/opt/local/lib -lxml2 

yes
------------------------------------------------------------------------------------------------
Checking for type uint128_t
==>
#include <stdint.h>

int main(int argc, char **argv) {
	(void)argc; (void)argv;
	if ((uint128_t *) 0) return 0;
	if (sizeof (uint128_t)) return 0;
	return 1;
}

<==
[1/2] [32mcxx: build/.conf_check_656b178ce7442053dff90315b31a1cc5/test.cpp -> build/.conf_check_656b178ce7442053dff90315b31a1cc5/testbuild/test.cpp.1.o
[0m
['/opt/local/bin/g++', '-O0', '-ggdb', '-g3', '-Wall', '-Werror', '-DNS3_ASSERT_ENABLE', '-DNS3_LOG_ENABLE', '../test.cpp', '-c', '-o', 'test.cpp.1.o']
err: ../test.cpp: In function 'int main(int, char**)':
../test.cpp:5:7: error: 'uint128_t' was not declared in this scope
../test.cpp:5:18: error: expected primary-expression before ')' token
../test.cpp:5:20: error: expected ')' before numeric constant
../test.cpp:6:14: error: 'uint128_t' was not declared in this scope

from /Users/uceeoas/Codes/temp/ns-3-inrpp/src/core: Test does not build: Traceback (most recent call last):
  File "/Users/uceeoas/Codes/temp/ns-3-inrpp/.waf-1.7.16-9ca17eb492c97b689870b4ff9db75880/waflib/Tools/c_config.py", line 460, in run_c_code
    bld.compile()
  File "/Users/uceeoas/Codes/temp/ns-3-inrpp/.waf-1.7.16-9ca17eb492c97b689870b4ff9db75880/waflib/Build.py", line 188, in compile
    raise Errors.BuildError(self.producer.error)
BuildError: Build failed
 -> task in 'testprog' failed (exit status 1): 
	{task 4509761616: cxx test.cpp -> test.cpp.1.o}
['/opt/local/bin/g++', '-O0', '-ggdb', '-g3', '-Wall', '-Werror', '-DNS3_ASSERT_ENABLE', '-DNS3_LOG_ENABLE', '../test.cpp', '-c', '-o', 'test.cpp.1.o']

not found
from /Users/uceeoas/Codes/temp/ns-3-inrpp/src/core: The configuration failed
------------------------------------------------------------------------------------------------
Checking for type __uint128_t
==>
#include <stdint.h>

int main(int argc, char **argv) {
	(void)argc; (void)argv;
	if ((__uint128_t *) 0) return 0;
	if (sizeof (__uint128_t)) return 0;
	return 1;
}

<==
[1/2] [32mcxx: build/.conf_check_ace1886511f08627ee2e4ca020806295/test.cpp -> build/.conf_check_ace1886511f08627ee2e4ca020806295/testbuild/test.cpp.1.o
[0m
['/opt/local/bin/g++', '-O0', '-ggdb', '-g3', '-Wall', '-Werror', '-DNS3_ASSERT_ENABLE', '-DNS3_LOG_ENABLE', '../test.cpp', '-c', '-o', 'test.cpp.1.o']
[2/2] [33mcxxprogram: build/.conf_check_ace1886511f08627ee2e4ca020806295/testbuild/test.cpp.1.o -> build/.conf_check_ace1886511f08627ee2e4ca020806295/testbuild/testprog
[0m
['/opt/local/bin/g++', '-L/opt/local/lib', '-L/opt/local/lib', 'test.cpp.1.o', '-o', '/Users/uceeoas/Codes/temp/ns-3-inrpp/build/.conf_check_ace1886511f08627ee2e4ca020806295/testbuild/testprog']
yes
------------------------------------------------------------------------------------------------
Checking high precision implementation
128-bit integer (default)
------------------------------------------------------------------------------------------------
Checking for header stdint.h
==>
#include <stdint.h>

int main(int argc, char **argv) {
	(void)argc; (void)argv;
	return 0;
}

<==
[1/2] [32mcxx: build/.conf_check_fa0c4ec9c63ac505501cc0863d9bdc48/test.cpp -> build/.conf_check_fa0c4ec9c63ac505501cc0863d9bdc48/testbuild/test.cpp.1.o
[0m
['/opt/local/bin/g++', '-O0', '-ggdb', '-g3', '-Wall', '-Werror', '-DNS3_ASSERT_ENABLE', '-DNS3_LOG_ENABLE', '-DHAVE___UINT128_T=1', '-DINT64X64_USE_128=1', '../test.cpp', '-c', '-o', 'test.cpp.1.o']
[2/2] [33mcxxprogram: build/.conf_check_fa0c4ec9c63ac505501cc0863d9bdc48/testbuild/test.cpp.1.o -> build/.conf_check_fa0c4ec9c63ac505501cc0863d9bdc48/testbuild/testprog
[0m
['/opt/local/bin/g++', '-L/opt/local/lib', '-L/opt/local/lib', 'test.cpp.1.o', '-o', '/Users/uceeoas/Codes/temp/ns-3-inrpp/build/.conf_check_fa0c4ec9c63ac505501cc0863d9bdc48/testbuild/testprog']
yes
------------------------------------------------------------------------------------------------
Checking for header inttypes.h
==>
#include <inttypes.h>

int main(int argc, char **argv) {
	(void)argc; (void)argv;
	return 0;
}

<==
[1/2] [32mcxx: build/.conf_check_7c67b81911f8bf0aede92c843d0e47cf/test.cpp -> build/.conf_check_7c67b81911f8bf0aede92c843d0e47cf/testbuild/test.cpp.1.o
[0m
['/opt/local/bin/g++', '-O0', '-ggdb', '-g3', '-Wall', '-Werror', '-DNS3_ASSERT_ENABLE', '-DNS3_LOG_ENABLE', '-DHAVE___UINT128_T=1', '-DINT64X64_USE_128=1', '-DHAVE_STDINT_H=1', '../test.cpp', '-c', '-o', 'test.cpp.1.o']
[2/2] [33mcxxprogram: build/.conf_check_7c67b81911f8bf0aede92c843d0e47cf/testbuild/test.cpp.1.o -> build/.conf_check_7c67b81911f8bf0aede92c843d0e47cf/testbuild/testprog
[0m
['/opt/local/bin/g++', '-L/opt/local/lib', '-L/opt/local/lib', 'test.cpp.1.o', '-o', '/Users/uceeoas/Codes/temp/ns-3-inrpp/build/.conf_check_7c67b81911f8bf0aede92c843d0e47cf/testbuild/testprog']
yes
------------------------------------------------------------------------------------------------
Checking for header sys/inttypes.h
==>
#include <sys/inttypes.h>

int main(int argc, char **argv) {
	(void)argc; (void)argv;
	return 0;
}

<==
[1/2] [32mcxx: build/.conf_check_61ecbfef21667d45a28decabe37fdf64/test.cpp -> build/.conf_check_61ecbfef21667d45a28decabe37fdf64/testbuild/test.cpp.1.o
[0m
['/opt/local/bin/g++', '-O0', '-ggdb', '-g3', '-Wall', '-Werror', '-DNS3_ASSERT_ENABLE', '-DNS3_LOG_ENABLE', '-DHAVE___UINT128_T=1', '-DINT64X64_USE_128=1', '-DHAVE_STDINT_H=1', '-DHAVE_INTTYPES_H=1', '../test.cpp', '-c', '-o', 'test.cpp.1.o']
err: ../test.cpp:1:26: fatal error: sys/inttypes.h: No such file or directory
compilation terminated.

from /Users/uceeoas/Codes/temp/ns-3-inrpp/src/core: Test does not build: Traceback (most recent call last):
  File "/Users/uceeoas/Codes/temp/ns-3-inrpp/.waf-1.7.16-9ca17eb492c97b689870b4ff9db75880/waflib/Tools/c_config.py", line 460, in run_c_code
    bld.compile()
  File "/Users/uceeoas/Codes/temp/ns-3-inrpp/.waf-1.7.16-9ca17eb492c97b689870b4ff9db75880/waflib/Build.py", line 188, in compile
    raise Errors.BuildError(self.producer.error)
BuildError: Build failed
 -> task in 'testprog' failed (exit status 1): 
	{task 4508369872: cxx test.cpp -> test.cpp.1.o}
['/opt/local/bin/g++', '-O0', '-ggdb', '-g3', '-Wall', '-Werror', '-DNS3_ASSERT_ENABLE', '-DNS3_LOG_ENABLE', '-DHAVE___UINT128_T=1', '-DINT64X64_USE_128=1', '-DHAVE_STDINT_H=1', '-DHAVE_INTTYPES_H=1', '../test.cpp', '-c', '-o', 'test.cpp.1.o']

not found
from /Users/uceeoas/Codes/temp/ns-3-inrpp/src/core: The configuration failed
------------------------------------------------------------------------------------------------
Checking for header sys/types.h
==>
#include <sys/types.h>

int main(int argc, char **argv) {
	(void)argc; (void)argv;
	return 0;
}

<==
[1/2] [32mcxx: build/.conf_check_8d38681417ac64f5b5b7d4ca87b0e4f3/test.cpp -> build/.conf_check_8d38681417ac64f5b5b7d4ca87b0e4f3/testbuild/test.cpp.1.o
[0m
['/opt/local/bin/g++', '-O0', '-ggdb', '-g3', '-Wall', '-Werror', '-DNS3_ASSERT_ENABLE', '-DNS3_LOG_ENABLE', '-DHAVE___UINT128_T=1', '-DINT64X64_USE_128=1', '-DHAVE_STDINT_H=1', '-DHAVE_INTTYPES_H=1', '../test.cpp', '-c', '-o', 'test.cpp.1.o']
[2/2] [33mcxxprogram: build/.conf_check_8d38681417ac64f5b5b7d4ca87b0e4f3/testbuild/test.cpp.1.o -> build/.conf_check_8d38681417ac64f5b5b7d4ca87b0e4f3/testbuild/testprog
[0m
['/opt/local/bin/g++', '-L/opt/local/lib', '-L/opt/local/lib', 'test.cpp.1.o', '-o', '/Users/uceeoas/Codes/temp/ns-3-inrpp/build/.conf_check_8d38681417ac64f5b5b7d4ca87b0e4f3/testbuild/testprog']
yes
------------------------------------------------------------------------------------------------
Checking for header sys/stat.h
==>
#include <sys/stat.h>

int main(int argc, char **argv) {
	(void)argc; (void)argv;
	return 0;
}

<==
[1/2] [32mcxx: build/.conf_check_8dd79274749d59bf459dfbeb1200c7d7/test.cpp -> build/.conf_check_8dd79274749d59bf459dfbeb1200c7d7/testbuild/test.cpp.1.o
[0m
['/opt/local/bin/g++', '-O0', '-ggdb', '-g3', '-Wall', '-Werror', '-DNS3_ASSERT_ENABLE', '-DNS3_LOG_ENABLE', '-DHAVE___UINT128_T=1', '-DINT64X64_USE_128=1', '-DHAVE_STDINT_H=1', '-DHAVE_INTTYPES_H=1', '-DHAVE_SYS_TYPES_H=1', '../test.cpp', '-c', '-o', 'test.cpp.1.o']
[2/2] [33mcxxprogram: build/.conf_check_8dd79274749d59bf459dfbeb1200c7d7/testbuild/test.cpp.1.o -> build/.conf_check_8dd79274749d59bf459dfbeb1200c7d7/testbuild/testprog
[0m
['/opt/local/bin/g++', '-L/opt/local/lib', '-L/opt/local/lib', 'test.cpp.1.o', '-o', '/Users/uceeoas/Codes/temp/ns-3-inrpp/build/.conf_check_8dd79274749d59bf459dfbeb1200c7d7/testbuild/testprog']
yes
------------------------------------------------------------------------------------------------
Checking for header dirent.h
==>
#include <dirent.h>

int main(int argc, char **argv) {
	(void)argc; (void)argv;
	return 0;
}

<==
[1/2] [32mcxx: build/.conf_check_c94d96928742c001335a0559791a93d8/test.cpp -> build/.conf_check_c94d96928742c001335a0559791a93d8/testbuild/test.cpp.1.o
[0m
['/opt/local/bin/g++', '-O0', '-ggdb', '-g3', '-Wall', '-Werror', '-DNS3_ASSERT_ENABLE', '-DNS3_LOG_ENABLE', '-DHAVE___UINT128_T=1', '-DINT64X64_USE_128=1', '-DHAVE_STDINT_H=1', '-DHAVE_INTTYPES_H=1', '-DHAVE_SYS_TYPES_H=1', '-DHAVE_SYS_STAT_H=1', '../test.cpp', '-c', '-o', 'test.cpp.1.o']
[2/2] [33mcxxprogram: build/.conf_check_c94d96928742c001335a0559791a93d8/testbuild/test.cpp.1.o -> build/.conf_check_c94d96928742c001335a0559791a93d8/testbuild/testprog
[0m
['/opt/local/bin/g++', '-L/opt/local/lib', '-L/opt/local/lib', 'test.cpp.1.o', '-o', '/Users/uceeoas/Codes/temp/ns-3-inrpp/build/.conf_check_c94d96928742c001335a0559791a93d8/testbuild/testprog']
yes
------------------------------------------------------------------------------------------------
Checking for header stdlib.h
==>
#include <stdlib.h>

int main(int argc, char **argv) {
	(void)argc; (void)argv;
	return 0;
}

<==
[1/2] [32mcxx: build/.conf_check_3a82ef2f96ebcc67f6086c98d2e6291e/test.cpp -> build/.conf_check_3a82ef2f96ebcc67f6086c98d2e6291e/testbuild/test.cpp.1.o
[0m
['/opt/local/bin/g++', '-O0', '-ggdb', '-g3', '-Wall', '-Werror', '-DNS3_ASSERT_ENABLE', '-DNS3_LOG_ENABLE', '-DHAVE___UINT128_T=1', '-DINT64X64_USE_128=1', '-DHAVE_STDINT_H=1', '-DHAVE_INTTYPES_H=1', '-DHAVE_SYS_TYPES_H=1', '-DHAVE_SYS_STAT_H=1', '-DHAVE_DIRENT_H=1', '../test.cpp', '-c', '-o', 'test.cpp.1.o']
[2/2] [33mcxxprogram: build/.conf_check_3a82ef2f96ebcc67f6086c98d2e6291e/testbuild/test.cpp.1.o -> build/.conf_check_3a82ef2f96ebcc67f6086c98d2e6291e/testbuild/testprog
[0m
['/opt/local/bin/g++', '-L/opt/local/lib', '-L/opt/local/lib', 'test.cpp.1.o', '-o', '/Users/uceeoas/Codes/temp/ns-3-inrpp/build/.conf_check_3a82ef2f96ebcc67f6086c98d2e6291e/testbuild/testprog']
yes
------------------------------------------------------------------------------------------------
Checking for header signal.h
==>
#include <signal.h>

int main(int argc, char **argv) {
	(void)argc; (void)argv;
	return 0;
}

<==
[1/2] [32mcxx: build/.conf_check_48955ac54d2136a572805353a7b9b62d/test.cpp -> build/.conf_check_48955ac54d2136a572805353a7b9b62d/testbuild/test.cpp.1.o
[0m
['/opt/local/bin/g++', '-O0', '-ggdb', '-g3', '-Wall', '-Werror', '-DNS3_ASSERT_ENABLE', '-DNS3_LOG_ENABLE', '-DHAVE___UINT128_T=1', '-DINT64X64_USE_128=1', '-DHAVE_STDINT_H=1', '-DHAVE_INTTYPES_H=1', '-DHAVE_SYS_TYPES_H=1', '-DHAVE_SYS_STAT_H=1', '-DHAVE_DIRENT_H=1', '-DHAVE_STDLIB_H=1', '-DHAVE_GETENV=1', '../test.cpp', '-c', '-o', 'test.cpp.1.o']
[2/2] [33mcxxprogram: build/.conf_check_48955ac54d2136a572805353a7b9b62d/testbuild/test.cpp.1.o -> build/.conf_check_48955ac54d2136a572805353a7b9b62d/testbuild/testprog
[0m
['/opt/local/bin/g++', '-L/opt/local/lib', '-L/opt/local/lib', 'test.cpp.1.o', '-o', '/Users/uceeoas/Codes/temp/ns-3-inrpp/build/.conf_check_48955ac54d2136a572805353a7b9b62d/testbuild/testprog']
yes
------------------------------------------------------------------------------------------------
Checking for header pthread.h
==>

#include <pthread.h>
int main ()
{
   pthread_mutex_t m;
   pthread_mutex_init (&m, NULL);
   return 0;
}

<==
[1/2] [32mcxx: build/.conf_check_2be466e82e703a744ee152afe2b58299/test.cpp -> build/.conf_check_2be466e82e703a744ee152afe2b58299/testbuild/test.cpp.1.o
[0m
['/opt/local/bin/g++', '-O0', '-ggdb', '-g3', '-Wall', '-Werror', '-DNS3_ASSERT_ENABLE', '-DNS3_LOG_ENABLE', '-DHAVE___UINT128_T=1', '-DINT64X64_USE_128=1', '-DHAVE_STDINT_H=1', '-DHAVE_INTTYPES_H=1', '-DHAVE_SYS_TYPES_H=1', '-DHAVE_SYS_STAT_H=1', '-DHAVE_DIRENT_H=1', '-DHAVE_STDLIB_H=1', '-DHAVE_GETENV=1', '-DHAVE_SIGNAL_H=1', '../test.cpp', '-c', '-o', 'test.cpp.1.o']
[2/2] [33mcxxprogram: build/.conf_check_2be466e82e703a744ee152afe2b58299/testbuild/test.cpp.1.o -> build/.conf_check_2be466e82e703a744ee152afe2b58299/testbuild/testprog
[0m
['/opt/local/bin/g++', '-L/opt/local/lib', '-L/opt/local/lib', 'test.cpp.1.o', '-o', '/Users/uceeoas/Codes/temp/ns-3-inrpp/build/.conf_check_2be466e82e703a744ee152afe2b58299/testbuild/testprog']
yes
------------------------------------------------------------------------------------------------
Checking for header stdint.h
==>
#include <stdint.h>

int main(int argc, char **argv) {
	(void)argc; (void)argv;
	return 0;
}

<==
[1/2] [32mcxx: build/.conf_check_fa0c4ec9c63ac505501cc0863d9bdc48/test.cpp -> build/.conf_check_fa0c4ec9c63ac505501cc0863d9bdc48/testbuild/test.cpp.1.o
[0m
['/opt/local/bin/g++', '-O0', '-ggdb', '-g3', '-Wall', '-Werror', '-DNS3_ASSERT_ENABLE', '-DNS3_LOG_ENABLE', '-DHAVE___UINT128_T=1', '-DINT64X64_USE_128=1', '-DHAVE_INTTYPES_H=1', '-DHAVE_SYS_TYPES_H=1', '-DHAVE_SYS_STAT_H=1', '-DHAVE_DIRENT_H=1', '-DHAVE_STDLIB_H=1', '-DHAVE_GETENV=1', '-DHAVE_SIGNAL_H=1', '-DHAVE_PTHREAD_H=1', '../test.cpp', '-c', '-o', 'test.cpp.1.o']
[2/2] [33mcxxprogram: build/.conf_check_fa0c4ec9c63ac505501cc0863d9bdc48/testbuild/test.cpp.1.o -> build/.conf_check_fa0c4ec9c63ac505501cc0863d9bdc48/testbuild/testprog
[0m
['/opt/local/bin/g++', '-L/opt/local/lib', '-L/opt/local/lib', 'test.cpp.1.o', '-o', '/Users/uceeoas/Codes/temp/ns-3-inrpp/build/.conf_check_fa0c4ec9c63ac505501cc0863d9bdc48/testbuild/testprog']
yes
------------------------------------------------------------------------------------------------
Checking for header inttypes.h
==>
#include <inttypes.h>

int main(int argc, char **argv) {
	(void)argc; (void)argv;
	return 0;
}

<==
[1/2] [32mcxx: build/.conf_check_7c67b81911f8bf0aede92c843d0e47cf/test.cpp -> build/.conf_check_7c67b81911f8bf0aede92c843d0e47cf/testbuild/test.cpp.1.o
[0m
['/opt/local/bin/g++', '-O0', '-ggdb', '-g3', '-Wall', '-Werror', '-DNS3_ASSERT_ENABLE', '-DNS3_LOG_ENABLE', '-DHAVE___UINT128_T=1', '-DINT64X64_USE_128=1', '-DHAVE_SYS_TYPES_H=1', '-DHAVE_SYS_STAT_H=1', '-DHAVE_DIRENT_H=1', '-DHAVE_STDLIB_H=1', '-DHAVE_GETENV=1', '-DHAVE_SIGNAL_H=1', '-DHAVE_PTHREAD_H=1', '-DHAVE_STDINT_H=1', '../test.cpp', '-c', '-o', 'test.cpp.1.o']
[2/2] [33mcxxprogram: build/.conf_check_7c67b81911f8bf0aede92c843d0e47cf/testbuild/test.cpp.1.o -> build/.conf_check_7c67b81911f8bf0aede92c843d0e47cf/testbuild/testprog
[0m
['/opt/local/bin/g++', '-L/opt/local/lib', '-L/opt/local/lib', 'test.cpp.1.o', '-o', '/Users/uceeoas/Codes/temp/ns-3-inrpp/build/.conf_check_7c67b81911f8bf0aede92c843d0e47cf/testbuild/testprog']
yes
------------------------------------------------------------------------------------------------
Checking for header sys/inttypes.h
==>
#include <sys/inttypes.h>

int main(int argc, char **argv) {
	(void)argc; (void)argv;
	return 0;
}

<==
[1/2] [32mcxx: build/.conf_check_61ecbfef21667d45a28decabe37fdf64/test.cpp -> build/.conf_check_61ecbfef21667d45a28decabe37fdf64/testbuild/test.cpp.1.o
[0m
['/opt/local/bin/g++', '-O0', '-ggdb', '-g3', '-Wall', '-Werror', '-DNS3_ASSERT_ENABLE', '-DNS3_LOG_ENABLE', '-DHAVE___UINT128_T=1', '-DINT64X64_USE_128=1', '-DHAVE_SYS_TYPES_H=1', '-DHAVE_SYS_STAT_H=1', '-DHAVE_DIRENT_H=1', '-DHAVE_STDLIB_H=1', '-DHAVE_GETENV=1', '-DHAVE_SIGNAL_H=1', '-DHAVE_PTHREAD_H=1', '-DHAVE_STDINT_H=1', '-DHAVE_INTTYPES_H=1', '../test.cpp', '-c', '-o', 'test.cpp.1.o']
err: ../test.cpp:1:26: fatal error: sys/inttypes.h: No such file or directory
compilation terminated.

from /Users/uceeoas/Codes/temp/ns-3-inrpp/src/core: Test does not build: Traceback (most recent call last):
  File "/Users/uceeoas/Codes/temp/ns-3-inrpp/.waf-1.7.16-9ca17eb492c97b689870b4ff9db75880/waflib/Tools/c_config.py", line 460, in run_c_code
    bld.compile()
  File "/Users/uceeoas/Codes/temp/ns-3-inrpp/.waf-1.7.16-9ca17eb492c97b689870b4ff9db75880/waflib/Build.py", line 188, in compile
    raise Errors.BuildError(self.producer.error)
BuildError: Build failed
 -> task in 'testprog' failed (exit status 1): 
	{task 4508396240: cxx test.cpp -> test.cpp.1.o}
['/opt/local/bin/g++', '-O0', '-ggdb', '-g3', '-Wall', '-Werror', '-DNS3_ASSERT_ENABLE', '-DNS3_LOG_ENABLE', '-DHAVE___UINT128_T=1', '-DINT64X64_USE_128=1', '-DHAVE_SYS_TYPES_H=1', '-DHAVE_SYS_STAT_H=1', '-DHAVE_DIRENT_H=1', '-DHAVE_STDLIB_H=1', '-DHAVE_GETENV=1', '-DHAVE_SIGNAL_H=1', '-DHAVE_PTHREAD_H=1', '-DHAVE_STDINT_H=1', '-DHAVE_INTTYPES_H=1', '../test.cpp', '-c', '-o', 'test.cpp.1.o']

not found
from /Users/uceeoas/Codes/temp/ns-3-inrpp/src/core: The configuration failed
------------------------------------------------------------------------------------------------
Checking for library rt
==>

int main(int argc, char **argv) {
	(void)argc; (void)argv;
	return 0;
}

<==
[1/2] [32mcxx: build/.conf_check_5ef57bc0d8aa3565949b6ce1186fd4a7/test.cpp -> build/.conf_check_5ef57bc0d8aa3565949b6ce1186fd4a7/testbuild/test.cpp.1.o
[0m
['/opt/local/bin/g++', '-O0', '-ggdb', '-g3', '-Wall', '-Werror', '-DNS3_ASSERT_ENABLE', '-DNS3_LOG_ENABLE', '-DHAVE___UINT128_T=1', '-DINT64X64_USE_128=1', '-DHAVE_SYS_TYPES_H=1', '-DHAVE_SYS_STAT_H=1', '-DHAVE_DIRENT_H=1', '-DHAVE_STDLIB_H=1', '-DHAVE_GETENV=1', '-DHAVE_SIGNAL_H=1', '-DHAVE_PTHREAD_H=1', '-DHAVE_STDINT_H=1', '-DHAVE_INTTYPES_H=1', '../test.cpp', '-c', '-o', 'test.cpp.1.o']
[2/2] [33mcxxprogram: build/.conf_check_5ef57bc0d8aa3565949b6ce1186fd4a7/testbuild/test.cpp.1.o -> build/.conf_check_5ef57bc0d8aa3565949b6ce1186fd4a7/testbuild/testprog
[0m
['/opt/local/bin/g++', '-L/opt/local/lib', '-L/opt/local/lib', 'test.cpp.1.o', '-o', '/Users/uceeoas/Codes/temp/ns-3-inrpp/build/.conf_check_5ef57bc0d8aa3565949b6ce1186fd4a7/testbuild/testprog', '-lrt']
err: ld: library not found for -lrt
collect2: error: ld returned 1 exit status

from /Users/uceeoas/Codes/temp/ns-3-inrpp/src/core: Test does not build: Traceback (most recent call last):
  File "/Users/uceeoas/Codes/temp/ns-3-inrpp/.waf-1.7.16-9ca17eb492c97b689870b4ff9db75880/waflib/Tools/c_config.py", line 460, in run_c_code
    bld.compile()
  File "/Users/uceeoas/Codes/temp/ns-3-inrpp/.waf-1.7.16-9ca17eb492c97b689870b4ff9db75880/waflib/Build.py", line 188, in compile
    raise Errors.BuildError(self.producer.error)
BuildError: Build failed
 -> task in 'testprog' failed (exit status 1): 
	{task 4508369424: cxxprogram test.cpp.1.o -> testprog}
['/opt/local/bin/g++', '-L/opt/local/lib', '-L/opt/local/lib', 'test.cpp.1.o', '-o', '/Users/uceeoas/Codes/temp/ns-3-inrpp/build/.conf_check_5ef57bc0d8aa3565949b6ce1186fd4a7/testbuild/testprog', '-lrt']

not found
from /Users/uceeoas/Codes/temp/ns-3-inrpp/src/core: The configuration failed
------------------------------------------------------------------------------------------------
Checking for header sys/ioctl.h
==>
#include <sys/ioctl.h>

int main(int argc, char **argv) {
	(void)argc; (void)argv;
	return 0;
}

<==
[1/2] [32mcxx: build/.conf_check_ebd591dbc3bb45aa25214505e9aa0d0f/test.cpp -> build/.conf_check_ebd591dbc3bb45aa25214505e9aa0d0f/testbuild/test.cpp.1.o
[0m
['/opt/local/bin/g++', '-O0', '-ggdb', '-g3', '-Wall', '-Werror', '-DNS3_ASSERT_ENABLE', '-DNS3_LOG_ENABLE', '../test.cpp', '-c', '-o', 'test.cpp.1.o']
[2/2] [33mcxxprogram: build/.conf_check_ebd591dbc3bb45aa25214505e9aa0d0f/testbuild/test.cpp.1.o -> build/.conf_check_ebd591dbc3bb45aa25214505e9aa0d0f/testbuild/testprog
[0m
['/opt/local/bin/g++', '-L/opt/local/lib', '-L/opt/local/lib', 'test.cpp.1.o', '-o', '/Users/uceeoas/Codes/temp/ns-3-inrpp/build/.conf_check_ebd591dbc3bb45aa25214505e9aa0d0f/testbuild/testprog']
yes
------------------------------------------------------------------------------------------------
Checking for header net/if.h
==>
#include <net/if.h>

int main(int argc, char **argv) {
	(void)argc; (void)argv;
	return 0;
}

<==
[1/2] [32mcxx: build/.conf_check_ab7199aa46fcaa2e15071e73776f8218/test.cpp -> build/.conf_check_ab7199aa46fcaa2e15071e73776f8218/testbuild/test.cpp.1.o
[0m
['/opt/local/bin/g++', '-O0', '-ggdb', '-g3', '-Wall', '-Werror', '-DNS3_ASSERT_ENABLE', '-DNS3_LOG_ENABLE', '-DHAVE_SYS_IOCTL_H=1', '../test.cpp', '-c', '-o', 'test.cpp.1.o']
[2/2] [33mcxxprogram: build/.conf_check_ab7199aa46fcaa2e15071e73776f8218/testbuild/test.cpp.1.o -> build/.conf_check_ab7199aa46fcaa2e15071e73776f8218/testbuild/testprog
[0m
['/opt/local/bin/g++', '-L/opt/local/lib', '-L/opt/local/lib', 'test.cpp.1.o', '-o', '/Users/uceeoas/Codes/temp/ns-3-inrpp/build/.conf_check_ab7199aa46fcaa2e15071e73776f8218/testbuild/testprog']
yes
------------------------------------------------------------------------------------------------
Checking for header net/ethernet.h
==>
#include <net/ethernet.h>

int main(int argc, char **argv) {
	(void)argc; (void)argv;
	return 0;
}

<==
[1/2] [32mcxx: build/.conf_check_6c6255d84543ffa2d8b83c989561eef9/test.cpp -> build/.conf_check_6c6255d84543ffa2d8b83c989561eef9/testbuild/test.cpp.1.o
[0m
['/opt/local/bin/g++', '-O0', '-ggdb', '-g3', '-Wall', '-Werror', '-DNS3_ASSERT_ENABLE', '-DNS3_LOG_ENABLE', '-DHAVE_SYS_IOCTL_H=1', '-DHAVE_IF_NETS_H=1', '../test.cpp', '-c', '-o', 'test.cpp.1.o']
[2/2] [33mcxxprogram: build/.conf_check_6c6255d84543ffa2d8b83c989561eef9/testbuild/test.cpp.1.o -> build/.conf_check_6c6255d84543ffa2d8b83c989561eef9/testbuild/testprog
[0m
['/opt/local/bin/g++', '-L/opt/local/lib', '-L/opt/local/lib', 'test.cpp.1.o', '-o', '/Users/uceeoas/Codes/temp/ns-3-inrpp/build/.conf_check_6c6255d84543ffa2d8b83c989561eef9/testbuild/testprog']
yes
------------------------------------------------------------------------------------------------
Checking for header linux/if_tun.h
==>
#include <linux/if_tun.h>

int main(int argc, char **argv) {
	(void)argc; (void)argv;
	return 0;
}

<==
[1/2] [32mcxx: build/.conf_check_79f849e1774b3cde8897857e178c7c8c/test.cpp -> build/.conf_check_79f849e1774b3cde8897857e178c7c8c/testbuild/test.cpp.1.o
[0m
['/opt/local/bin/g++', '-O0', '-ggdb', '-g3', '-Wall', '-Werror', '-DNS3_ASSERT_ENABLE', '-DNS3_LOG_ENABLE', '-DHAVE_SYS_IOCTL_H=1', '-DHAVE_IF_NETS_H=1', '-DHAVE_NET_ETHERNET_H=1', '../test.cpp', '-c', '-o', 'test.cpp.1.o']
err: ../test.cpp:1:26: fatal error: linux/if_tun.h: No such file or directory
compilation terminated.

from /Users/uceeoas/Codes/temp/ns-3-inrpp/src/fd-net-device: Test does not build: Traceback (most recent call last):
  File "/Users/uceeoas/Codes/temp/ns-3-inrpp/.waf-1.7.16-9ca17eb492c97b689870b4ff9db75880/waflib/Tools/c_config.py", line 460, in run_c_code
    bld.compile()
  File "/Users/uceeoas/Codes/temp/ns-3-inrpp/.waf-1.7.16-9ca17eb492c97b689870b4ff9db75880/waflib/Build.py", line 188, in compile
    raise Errors.BuildError(self.producer.error)
BuildError: Build failed
 -> task in 'testprog' failed (exit status 1): 
	{task 4509813136: cxx test.cpp -> test.cpp.1.o}
['/opt/local/bin/g++', '-O0', '-ggdb', '-g3', '-Wall', '-Werror', '-DNS3_ASSERT_ENABLE', '-DNS3_LOG_ENABLE', '-DHAVE_SYS_IOCTL_H=1', '-DHAVE_IF_NETS_H=1', '-DHAVE_NET_ETHERNET_H=1', '../test.cpp', '-c', '-o', 'test.cpp.1.o']

not found
from /Users/uceeoas/Codes/temp/ns-3-inrpp/src/fd-net-device: The configuration failed
------------------------------------------------------------------------------------------------
Checking for header netpacket/packet.h
==>
#include <netpacket/packet.h>

int main(int argc, char **argv) {
	(void)argc; (void)argv;
	return 0;
}

<==
[1/2] [32mcxx: build/.conf_check_f00bb2460dc7019f64c1a347be5879fa/test.cpp -> build/.conf_check_f00bb2460dc7019f64c1a347be5879fa/testbuild/test.cpp.1.o
[0m
['/opt/local/bin/g++', '-O0', '-ggdb', '-g3', '-Wall', '-Werror', '-DNS3_ASSERT_ENABLE', '-DNS3_LOG_ENABLE', '-DHAVE_SYS_IOCTL_H=1', '-DHAVE_IF_NETS_H=1', '-DHAVE_NET_ETHERNET_H=1', '../test.cpp', '-c', '-o', 'test.cpp.1.o']
err: ../test.cpp:1:30: fatal error: netpacket/packet.h: No such file or directory
compilation terminated.

from /Users/uceeoas/Codes/temp/ns-3-inrpp/src/fd-net-device: Test does not build: Traceback (most recent call last):
  File "/Users/uceeoas/Codes/temp/ns-3-inrpp/.waf-1.7.16-9ca17eb492c97b689870b4ff9db75880/waflib/Tools/c_config.py", line 460, in run_c_code
    bld.compile()
  File "/Users/uceeoas/Codes/temp/ns-3-inrpp/.waf-1.7.16-9ca17eb492c97b689870b4ff9db75880/waflib/Build.py", line 188, in compile
    raise Errors.BuildError(self.producer.error)
BuildError: Build failed
 -> task in 'testprog' failed (exit status 1): 
	{task 4509811216: cxx test.cpp -> test.cpp.1.o}
['/opt/local/bin/g++', '-O0', '-ggdb', '-g3', '-Wall', '-Werror', '-DNS3_ASSERT_ENABLE', '-DNS3_LOG_ENABLE', '-DHAVE_SYS_IOCTL_H=1', '-DHAVE_IF_NETS_H=1', '-DHAVE_NET_ETHERNET_H=1', '../test.cpp', '-c', '-o', 'test.cpp.1.o']

not found
from /Users/uceeoas/Codes/temp/ns-3-inrpp/src/fd-net-device: The configuration failed
------------------------------------------------------------------------------------------------
Checking for NSC location
not found
------------------------------------------------------------------------------------------------
Checking for OpenFlow location
not found
------------------------------------------------------------------------------------------------
Checking for 'sqlite3'
['/opt/local/bin/pkg-config', '--cflags', '--libs', 'sqlite3']
out: -I/opt/local/include -L/opt/local/lib -lsqlite3 

yes
------------------------------------------------------------------------------------------------
Checking for header linux/if_tun.h
==>
#include <linux/if_tun.h>

int main(int argc, char **argv) {
	(void)argc; (void)argv;
	return 0;
}

<==
[1/2] [32mcxx: build/.conf_check_79f849e1774b3cde8897857e178c7c8c/test.cpp -> build/.conf_check_79f849e1774b3cde8897857e178c7c8c/testbuild/test.cpp.1.o
[0m
['/opt/local/bin/g++', '-O0', '-ggdb', '-g3', '-Wall', '-Werror', '-DNS3_ASSERT_ENABLE', '-DNS3_LOG_ENABLE', '-DHAVE_SYS_IOCTL_H=1', '-DHAVE_IF_NETS_H=1', '-DHAVE_NET_ETHERNET_H=1', '-DHAVE_SQLITE3=1', '../test.cpp', '-c', '-o', 'test.cpp.1.o']
err: ../test.cpp:1:26: fatal error: linux/if_tun.h: No such file or directory
compilation terminated.

from /Users/uceeoas/Codes/temp/ns-3-inrpp/src/tap-bridge: Test does not build: Traceback (most recent call last):
  File "/Users/uceeoas/Codes/temp/ns-3-inrpp/.waf-1.7.16-9ca17eb492c97b689870b4ff9db75880/waflib/Tools/c_config.py", line 460, in run_c_code
    bld.compile()
  File "/Users/uceeoas/Codes/temp/ns-3-inrpp/.waf-1.7.16-9ca17eb492c97b689870b4ff9db75880/waflib/Build.py", line 188, in compile
    raise Errors.BuildError(self.producer.error)
BuildError: Build failed
 -> task in 'testprog' failed (exit status 1): 
	{task 4508678800: cxx test.cpp -> test.cpp.1.o}
['/opt/local/bin/g++', '-O0', '-ggdb', '-g3', '-Wall', '-Werror', '-DNS3_ASSERT_ENABLE', '-DNS3_LOG_ENABLE', '-DHAVE_SYS_IOCTL_H=1', '-DHAVE_IF_NETS_H=1', '-DHAVE_NET_ETHERNET_H=1', '-DHAVE_SQLITE3=1', '../test.cpp', '-c', '-o', 'test.cpp.1.o']

not found
from /Users/uceeoas/Codes/temp/ns-3-inrpp/src/tap-bridge: The configuration failed
------------------------------------------------------------------------------------------------
Checking for program sudo
/usr/bin/sudo
find program=['sudo'] paths=['/opt/local/bin', '/opt/local/sbin', '/opt/local/bin', '/opt/local/sbin', '/opt/local/bin', '/opt/local/sbin', '/usr/local/bin', '/usr/bin', '/bin', '/usr/sbin', '/sbin'] var='SUDO' -> '/usr/bin/sudo'
------------------------------------------------------------------------------------------------
Checking for program valgrind
/opt/local/bin/valgrind
find program=['valgrind'] paths=['/opt/local/bin', '/opt/local/sbin', '/opt/local/bin', '/opt/local/sbin', '/opt/local/bin', '/opt/local/sbin', '/usr/local/bin', '/usr/bin', '/bin', '/usr/sbin', '/sbin'] var='VALGRIND' -> '/opt/local/bin/valgrind'
------------------------------------------------------------------------------------------------
Checking for 'gsl'
['/opt/local/bin/pkg-config', '--cflags', '--libs', 'gsl']
err: Package gsl was not found in the pkg-config search path.
Perhaps you should add the directory containing `gsl.pc'
to the PKG_CONFIG_PATH environment variable
No package 'gsl' found

not found
from /Users/uceeoas/Codes/temp/ns-3-inrpp: The configuration failed
------------------------------------------------------------------------------------------------
Checking for compilation flag -Wno-error=deprecated-d... support
==>
#include <stdio.h>
int main() { return 0; }

<==
[1/2] [32mcxx: build/.conf_check_fe0ca542f39064c5a14ee41a2e983996/test.cc -> build/.conf_check_fe0ca542f39064c5a14ee41a2e983996/testbuild/test.cc.1.o
[0m
['/opt/local/bin/g++', '-O0', '-ggdb', '-g3', '-Wall', '-Werror', '-Wno-error=deprecated-declarations', '-DNS3_ASSERT_ENABLE', '-DNS3_LOG_ENABLE', '-DHAVE_SYS_IOCTL_H=1', '-DHAVE_IF_NETS_H=1', '-DHAVE_NET_ETHERNET_H=1', '-DHAVE_SQLITE3=1', '../test.cc', '-c', '-o', 'test.cc.1.o']
[2/2] [33mcxxprogram: build/.conf_check_fe0ca542f39064c5a14ee41a2e983996/testbuild/test.cc.1.o -> build/.conf_check_fe0ca542f39064c5a14ee41a2e983996/testbuild/testprog
[0m
['/opt/local/bin/g++', '-L/opt/local/lib', '-L/opt/local/lib', 'test.cc.1.o', '-o', '/Users/uceeoas/Codes/temp/ns-3-inrpp/build/.conf_check_fe0ca542f39064c5a14ee41a2e983996/testbuild/testprog']
ok
------------------------------------------------------------------------------------------------
Checking for compilation flag -Wno-error=deprecated-d... support
==>
#include <stdio.h>
int main() { return 0; }

<==
[1/2] [32mc: build/.conf_check_d8a2c40aecfb7c8eac7dd03fcbfb1110/test.c -> build/.conf_check_d8a2c40aecfb7c8eac7dd03fcbfb1110/testbuild/test.c.1.o
[0m
['/opt/local/bin/gcc', '-Wno-error=deprecated-declarations', '-DNS3_ASSERT_ENABLE', '-DNS3_LOG_ENABLE', '-DHAVE_SYS_IOCTL_H=1', '-DHAVE_IF_NETS_H=1', '-DHAVE_NET_ETHERNET_H=1', '-DHAVE_SQLITE3=1', '../test.c', '-c', '-o', 'test.c.1.o']
[2/2] [33mcprogram: build/.conf_check_d8a2c40aecfb7c8eac7dd03fcbfb1110/testbuild/test.c.1.o -> build/.conf_check_d8a2c40aecfb7c8eac7dd03fcbfb1110/testbuild/testprog
[0m
['/opt/local/bin/gcc', '-L/opt/local/lib', '-L/opt/local/lib', 'test.c.1.o', '-o', '/Users/uceeoas/Codes/temp/ns-3-inrpp/build/.conf_check_d8a2c40aecfb7c8eac7dd03fcbfb1110/testbuild/testprog']
ok
------------------------------------------------------------------------------------------------
Checking for compilation flag -fstrict-aliasing... support
==>
#include <stdio.h>
int main() { return 0; }

<==
[1/2] [32mcxx: build/.conf_check_fe0ca542f39064c5a14ee41a2e983996/test.cc -> build/.conf_check_fe0ca542f39064c5a14ee41a2e983996/testbuild/test.cc.1.o
[0m
['/opt/local/bin/g++', '-O0', '-ggdb', '-g3', '-Wall', '-Werror', '-Wno-error=deprecated-declarations', '-fstrict-aliasing', '-DNS3_ASSERT_ENABLE', '-DNS3_LOG_ENABLE', '-DHAVE_SYS_IOCTL_H=1', '-DHAVE_IF_NETS_H=1', '-DHAVE_NET_ETHERNET_H=1', '-DHAVE_SQLITE3=1', '../test.cc', '-c', '-o', 'test.cc.1.o']
[2/2] [33mcxxprogram: build/.conf_check_fe0ca542f39064c5a14ee41a2e983996/testbuild/test.cc.1.o -> build/.conf_check_fe0ca542f39064c5a14ee41a2e983996/testbuild/testprog
[0m
['/opt/local/bin/g++', '-L/opt/local/lib', '-L/opt/local/lib', 'test.cc.1.o', '-o', '/Users/uceeoas/Codes/temp/ns-3-inrpp/build/.conf_check_fe0ca542f39064c5a14ee41a2e983996/testbuild/testprog']
ok
------------------------------------------------------------------------------------------------
Checking for compilation flag -fstrict-aliasing... support
==>
#include <stdio.h>
int main() { return 0; }

<==
[1/2] [32mc: build/.conf_check_d8a2c40aecfb7c8eac7dd03fcbfb1110/test.c -> build/.conf_check_d8a2c40aecfb7c8eac7dd03fcbfb1110/testbuild/test.c.1.o
[0m
['/opt/local/bin/gcc', '-fstrict-aliasing', '-DNS3_ASSERT_ENABLE', '-DNS3_LOG_ENABLE', '-DHAVE_SYS_IOCTL_H=1', '-DHAVE_IF_NETS_H=1', '-DHAVE_NET_ETHERNET_H=1', '-DHAVE_SQLITE3=1', '../test.c', '-c', '-o', 'test.c.1.o']
[2/2] [33mcprogram: build/.conf_check_d8a2c40aecfb7c8eac7dd03fcbfb1110/testbuild/test.c.1.o -> build/.conf_check_d8a2c40aecfb7c8eac7dd03fcbfb1110/testbuild/testprog
[0m
['/opt/local/bin/gcc', '-L/opt/local/lib', '-L/opt/local/lib', 'test.c.1.o', '-o', '/Users/uceeoas/Codes/temp/ns-3-inrpp/build/.conf_check_d8a2c40aecfb7c8eac7dd03fcbfb1110/testbuild/testprog']
ok
------------------------------------------------------------------------------------------------
Checking for compilation flag -Wstrict-aliasing... support
==>
#include <stdio.h>
int main() { return 0; }

<==
[1/2] [32mcxx: build/.conf_check_fe0ca542f39064c5a14ee41a2e983996/test.cc -> build/.conf_check_fe0ca542f39064c5a14ee41a2e983996/testbuild/test.cc.1.o
[0m
['/opt/local/bin/g++', '-O0', '-ggdb', '-g3', '-Wall', '-Werror', '-Wno-error=deprecated-declarations', '-fstrict-aliasing', '-Wstrict-aliasing', '-DNS3_ASSERT_ENABLE', '-DNS3_LOG_ENABLE', '-DHAVE_SYS_IOCTL_H=1', '-DHAVE_IF_NETS_H=1', '-DHAVE_NET_ETHERNET_H=1', '-DHAVE_SQLITE3=1', '../test.cc', '-c', '-o', 'test.cc.1.o']
[2/2] [33mcxxprogram: build/.conf_check_fe0ca542f39064c5a14ee41a2e983996/testbuild/test.cc.1.o -> build/.conf_check_fe0ca542f39064c5a14ee41a2e983996/testbuild/testprog
[0m
['/opt/local/bin/g++', '-L/opt/local/lib', '-L/opt/local/lib', 'test.cc.1.o', '-o', '/Users/uceeoas/Codes/temp/ns-3-inrpp/build/.conf_check_fe0ca542f39064c5a14ee41a2e983996/testbuild/testprog']
ok
------------------------------------------------------------------------------------------------
Checking for compilation flag -Wstrict-aliasing... support
==>
#include <stdio.h>
int main() { return 0; }

<==
[1/2] [32mc: build/.conf_check_d8a2c40aecfb7c8eac7dd03fcbfb1110/test.c -> build/.conf_check_d8a2c40aecfb7c8eac7dd03fcbfb1110/testbuild/test.c.1.o
[0m
['/opt/local/bin/gcc', '-Wstrict-aliasing', '-DNS3_ASSERT_ENABLE', '-DNS3_LOG_ENABLE', '-DHAVE_SYS_IOCTL_H=1', '-DHAVE_IF_NETS_H=1', '-DHAVE_NET_ETHERNET_H=1', '-DHAVE_SQLITE3=1', '../test.c', '-c', '-o', 'test.c.1.o']
[2/2] [33mcprogram: build/.conf_check_d8a2c40aecfb7c8eac7dd03fcbfb1110/testbuild/test.c.1.o -> build/.conf_check_d8a2c40aecfb7c8eac7dd03fcbfb1110/testbuild/testprog
[0m
['/opt/local/bin/gcc', '-L/opt/local/lib', '-L/opt/local/lib', 'test.c.1.o', '-o', '/Users/uceeoas/Codes/temp/ns-3-inrpp/build/.conf_check_d8a2c40aecfb7c8eac7dd03fcbfb1110/testbuild/testprog']
ok
------------------------------------------------------------------------------------------------
Checking for program doxygen
/opt/local/bin/doxygen
find program=['doxygen'] paths=['/opt/local/bin', '/opt/local/sbin', '/opt/local/bin', '/opt/local/sbin', '/opt/local/bin', '/opt/local/sbin', '/usr/local/bin', '/usr/bin', '/bin', '/usr/sbin', '/sbin'] var='DOXYGEN' -> '/opt/local/bin/doxygen'
